jtkicker_20211119	bb66e3e
jtbubl	 26175c2
jtdd	55ed7da
jtbubl	48f705e
jtkicker_20211223	1b6ddcc
jtyiear_20211224	6d225e4
jtsbaskt_20211231	da30e7b
jtsbask1_20211231	da30e7b
jtyiear_20220114	0f9469c
jtsbask1_20220114	0f9469c
jtsbaskt_20220114	0f9469c
jtroadf_20220318	eff9030
jtkicker_20220318	5d839e7
jtyiear_20220318	5d839e7
jtmikie_20220318	5d839e7
jtsbask1_20220318	5d839e7
jtsbaskt_20220318	5d839e7
jtroadf_20220325	eec54f0
jtkicker_20220330	cd4e784
jtsbaskt_20220330	cd4e784
jtmikie_20220330	cd4e784
jtsbask1_20220330	cd4e784
jtyiear_20220330	cd4e784
jtpinpon_20220401	3d55402
jtcps15_20220422	70bf94b
jtcps1_20220422	70bf94b
jtcps15_20220625	edd0cb9
jtcps1_20220625	edd0cb9
jtcps15_20220627	08141df
