jts16b_20211104	132a21d
jts16a2_20211104	132a21d
jtkicker_20211119	bb66e3e
jtbubl	 26175c2
jtdd	55ed7da
jtbubl	48f705e
jtcps1_20211217	0fdcb02
jtyiear_20211221	7710d39
jtkicker_20211221	7710d39
jtkicker_20211223	1b6ddcc
jtyiear_20211224	6d225e4
jtyiear_20211226	0561caa
jtkicker_20211226	0561caa
jtsbaskt_20211231	da30e7b
jtsbask1_20211231	da30e7b
jtcop_20220107	2497d00
jtcps2_20220107	b23bbae
jtcps1 1c41362
jtsbask1_20220114	0f9469c
jtyiear_20220114	0f9469c
jtsbaskt_20220114	0f9469c
jtrumble_20220207	60f94df0
jtmidres_20220218	359435e
jtkicker_20220316	5367c6a
jtyiear_20220316	5367c6a
jtroadf_20220316	5594763
jtroadf_20220318	eff9030
jtmikie_20220318	5d839e7
jtsbask1_20220318	5d839e7
jtyiear_20220318	5d839e7
jtkicker_20220318	5d839e7
jtsbaskt_20220318	5d839e7
jtroadf_20220325	4d25f21
jtsbask1_20220330	cd4e784
jtsbaskt_20220330	cd4e784
jtmikie_20220330	cd4e784
jtyiear_20220330	cd4e784
jtkicker_20220330	cd4e784
jtpinpon_20220401	3d55402
